Erreur de donne a Ampitatafika2
Erreur de donne a NosyBeDarEsSalam
Erreur de donne a Anjanjavy
Erreur de donne a 67Ha
Erreur de donne a Nanisana
Erreur de donne a SainteMarieVohilava
Erreur de donne a Stadium
Erreur de donne a Ankazobe
Erreur de donne a Ankorahotra
Erreur de donne a Galaxy
Erreur de donne a Antanimena
Erreur de donne a DiegoLazaret
Erreur de donne a Ampitolovana
Erreur de donne a Moramanga
Erreur de donne a Ivato
Erreur de donne a Andraisoro
Erreur de donne a Ambatovy
Erreur de donne a AntalahaAntanambao
Erreur de donne a TulearAndranomena
Erreur de donne a MajungaLaCorniche
Erreur de donne a AntsirabeTsarasaotra
Erreur de donne a NosyBeSenganinga
Erreur de donne a Talatamaty
Erreur de donne a NosyBeDzama
Erreur de donne a DiegoSecren
Erreur de donne a TanaAndranoro
Erreur de donne a Marerano
Erreur de donne a Ambohimanarina2
Erreur de donne a Besarety
Erreur de donne a Tamatave
Erreur de donne a AmbilobeBB
Erreur de donne a Ambatobe
Erreur de donne a Tsiazotafo
Erreur de donne a Vasakosy
Erreur de donne a MajungaGrandPavois
Erreur de donne a TamaVerrerie
Erreur de donne a Ambohipo
Erreur de donne a Maroantsetra
Erreur de donne a IvandryLaTerrasse
Erreur de donne a Anosizato
Erreur de donne a Anosibe
Erreur de donne a Ecloserie
Erreur de donne a Andilamena
Erreur de donne a Antety
Erreur de donne a TanaAnalakely
Erreur de donne a Andriamena
Erreur de donne a ResidenceRova
Erreur de donne a Manasamody
Erreur de donne a Faravohitra2
Erreur de donne a Ambatovy2
Erreur de donne a DiegoRouteBezara
Erreur de donne a Beforona
Erreur de donne a Ikalamavony
Erreur de donne a Gare
Erreur de donne a Arivonimamo2
Erreur de donne a Malaimbandy
Erreur de donne a TamaMorafeno
Erreur de donne a Mananara
Erreur de donne a MajungaBelobaka
Erreur de donne a TamaAmbolomadinika
Erreur de donne a AmbatovyPK5
Erreur de donne a DiegoAeroport
Erreur de donne a 67HaSudEst
Erreur de donne a Morondava2
Erreur de donne a Mahazoarivo
Erreur de donne a Sambava2
Erreur de donne a AmparatanjonaLC
Erreur de donne a Moramanga2
Erreur de donne a NosyBeAmbonara
Erreur de donne a Ambohitrarahaba
Erreur de donne a Angarazy
Erreur de donne a NosyBeNordVigie
Erreur de donne a Farafangana
Erreur de donne a Ambatomanoina
Erreur de donne a Vohemar
Erreur de donne a Ambohimalaza
Erreur de donne a Satrokala
Erreur de donne a Antsohihy
Erreur de donne a AntsirabeAmbohipeno
Erreur de donne a DiegoScama
Erreur de donne a MangilyIfaty
Erreur de donne a RelaisdelaReine
Erreur de donne a CentreVille
Erreur de donne a Isoraka3
Erreur de donne a Beloha
Erreur de donne a Rantabe
Erreur de donne a Maromiza
Erreur de donne a 67HaNordEst
Erreur de donne a Ambositra
Erreur de donne a TulearAndaboly
Erreur de donne a Daraina
Erreur de donne a AntsirabeAndranonahoatra
Erreur de donne a FianaraAntanambao
Erreur de donne a Mahitsy
Erreur de donne a Sambava1
Erreur de donne a TanaSiloDigue
Erreur de donne a Mampikony
Erreur de donne a TamaMarovato
Erreur de donne a MajungaAmborovy
Erreur de donne a Tsarahasina
Erreur de donne a TanaTanjombato
Erreur de donne a TanambaoDaoud
Erreur de donne a Tsaratanana
Erreur de donne a Vatomandry
Erreur de donne a Ambohimandroso
Erreur de donne a Sakaraha
Erreur de donne a MoraranoChrome
Erreur de donne a Ambohibarikely
Erreur de donne a Pedro
Erreur de donne a Tsaralalana
Erreur de donne a Academie
Erreur de donne a Andriba
Erreur de donne a Mascar
Erreur de donne a Soavimasoandro
Erreur de donne a Ambohimanambola
Erreur de donne a DiegoMamoudMakamba
Erreur de donne a TamaMangarano
Erreur de donne a TamaMangarivotra
Erreur de donne a NosyValiha
Erreur de donne a Antanetibe
Erreur de donne a MarovoayMorafeno
Erreur de donne a Arivonimamo
Erreur de donne a Ambatomainty
Erreur de donne a NosyBeAndilana2
Erreur de donne a AnjanaharyCentre
Erreur de donne a VohemarAndranomasikely
Erreur de donne a Ambohitrimanjaka
Erreur de donne a AmbanjaAmparankova
Erreur de donne a Morombe
Erreur de donne a Ambilobe
Erreur de donne a AntsirabeIvory
Erreur de donne a Ambovombe
Erreur de donne a Fandriana
Erreur de donne a Ambatobe2
Erreur de donne a Andranomanelatra
Erreur de donne a FortDauphin2
Erreur de donne a AmbanjaCentre
Erreur de donne a Beampody
Erreur de donne a Faravohitra
Erreur de donne a Ankingabe
Erreur de donne a Andapa
Erreur de donne a MajungaTsararano
Erreur de donne a DiegoAntanambao
Erreur de donne a Manampatrana
Erreur de donne a MajungaMSC
Erreur de donne a Ambanja
Erreur de donne a NosyBeDzamandzar
Erreur de donne a NosyBeAmbodivanio
Erreur de donne a Antsahampano
Erreur de donne a FortVoyron
Erreur de donne a Ambohitompoina
Erreur de donne a Morondava1
Erreur de donne a MajungaAndrova
Erreur de donne a Rabearivelo
Erreur de donne a TamaSherrittIndoor
Erreur de donne a Meteo
Erreur de donne a Golf
Erreur de donne a TanaAmbohidempona
Erreur de donne a Ambohigogo
Erreur de donne a Fanambana
Erreur de donne a MajungaAmbondrona
Erreur de donne a Sambava5
Erreur de donne a NosyBeBemoko
Erreur de donne a Ankazomanga
Erreur de donne a Ambohimahasoa
Erreur de donne a BeloTsiribihinaPicom
Erreur de donne a AntsirabeImperial
Erreur de donne a TamaAnkirihiry
Erreur de donne a Mahamasina
Erreur de donne a Mandrosoa
Erreur de donne a AnkazoaboSud
Erreur de donne a Amboditsiry
Erreur de donne a Antsapanana
Erreur de donne a Antalaha
Erreur de donne a SainteMarieLonkintsy
Erreur de donne a DiegoPlacekabary
Erreur de donne a DiegoRamena
Erreur de donne a Marovintsy
Erreur de donne a Tour
Erreur de donne a AndapaAnkevaheva
Erreur de donne a Ankiliabo
Erreur de donne a Diego1
Erreur de donne a FortDauphin3
Erreur de donne a MahitsyVille
Erreur de donne a Manjakaray
Erreur de donne a TanaLaCity
Erreur de donne a Ivandry
Erreur de donne a TamaManangareza
Erreur de donne a TanaMarobiby
Erreur de donne a TamaMiouMiou
Erreur de donne a Ankaramena
Erreur de donne a AnosibeAnala
Erreur de donne a AnalamahitsyCentre
Erreur de donne a NosyBeCratere
Erreur de donne a Imerintsiatosika
Erreur de donne a Andoharanofotsy
Erreur de donne a TamaValpinson
Erreur de donne a AntsirabeAmbalavato
Erreur de donne a TanaAndrohibe
Erreur de donne a Ampiketrahana
Erreur de donne a FianaraAmbalakely
Erreur de donne a Ihosy
Erreur de donne a Analaiva
Erreur de donne a Antanimieva
Erreur de donne a AlatsinainyBakaro
Erreur de donne a Ambatondrazaka
Erreur de donne a BeloSurMer
Erreur de donne a Antanifotsy
Erreur de donne a ManakaraTOM
Erreur de donne a Mahanoro
Erreur de donne a Fieferana
Erreur de donne a AnalakelyBull
Erreur de donne a Alasora
Erreur de donne a Andasibe
Erreur de donne a AntsirabeIvohitra
Erreur de donne a MajungaPatel
Erreur de donne a Fiadanana
Erreur de donne a TanaIlafyAndafiavaratra
Erreur de donne a AntanetibeIvato
Erreur de donne a Tulear4
Erreur de donne a TamaFarafaty
Erreur de donne a NosyBeLaVigie
Erreur de donne a AndapaAmbalamanasy
Erreur de donne a Behenjy
Erreur de donne a NosyVarika
Erreur de donne a Ikongo
Erreur de donne a Bezaha
Erreur de donne a SainteMarieMahavelo
Erreur de donne a Andrea
Erreur de donne a TanaBypass
Erreur de donne a TulearCentre
Erreur de donne a AntsohihyAeroport
Erreur de donne a TanaAnkorondrano
Erreur de donne a Ankazomiriotra
Erreur de donne a Ihosy2
Erreur de donne a ManakaraMahatsinjoriaka
Erreur de donne a NosyBeAeroport
Erreur de donne a Tulear2
Erreur de donne a Ankatso
Erreur de donne a Farahantsana
Erreur de donne a TanaAmbohimangakely
Erreur de donne a FeneriveEst
Erreur de donne a FianaraAnkofafa
Erreur de donne a Ambanidia
Erreur de donne a AntsirabeVatofotsy
Erreur de donne a Forello
Erreur de donne a TamaTanamakoa
Erreur de donne a FortDuchesne
Erreur de donne a TanaMaibahoaka
Erreur de donne a Analamahitsy
Erreur de donne a Ranohira
Erreur de donne a Milanoa
Erreur de donne a TanaIvatoHorizon
Erreur de donne a Antaviambo
Erreur de donne a TanaRasalama
Erreur de donne a TamaTapakala
Erreur de donne a Andekaleka
Erreur de donne a TanaIvatoCCI
Erreur de donne a FortDauphinAmpasikabo
Erreur de donne a Mahavanona
Erreur de donne a AmbilaLemaitso
Erreur de donne a TamaFlamboyant
Erreur de donne a Majungabe
Erreur de donne a Talatamaty2
Erreur de donne a Tanjombato
Erreur de donne a Masiloka
Erreur de donne a TamaBarikadimy
Erreur de donne a Ambohijanahary
Erreur de donne a Ambohiby
Erreur de donne a MoramangaAmbarilava
Erreur de donne a TamaAnjoma
Erreur de donne a TanaAnosyAvaratra
Erreur de donne a Anosimasina
Erreur de donne a FortDauphinQMM
Erreur de donne a AlaotraAmbohijanahary
Erreur de donne a Ambalanjanakomby
Erreur de donne a Mandraka
Erreur de donne a Berivotra
Erreur de donne a Ambatomirahavavy
Erreur de donne a Sahamamy
Erreur de donne a Ambilobe3
Erreur de donne a BeloTsiribihina
Erreur de donne a Madirovalo
Erreur de donne a Ampanefena
Erreur de donne a Isoraka
Erreur de donne a Ambohibao
Erreur de donne a TamaAmpasimazava2
Erreur de donne a AntsirabeMahazoarivo
Erreur de donne a MaroantsetraVille2
Erreur de donne a Ambatomitsangana
Erreur de donne a MananjaryBB
Erreur de donne a BemanevikaAmbanja
Erreur de donne a Ambohimanarina
Erreur de donne a MananjaryAntanambao
Erreur de donne a Sahanivotry
Erreur de donne a MajungaAbattoir
Erreur de donne a AntsirabeAmpatana
Erreur de donne a Anaborano
Erreur de donne a Sambaina
Erreur de donne a Mandritsara
Erreur de donne a SainteMarieAmbodifotatra
Erreur de donne a Kianjavato
Erreur de donne a Andranofanjava
Erreur de donne a Talatavolonondry
Erreur de donne a Morafenobe
Erreur de donne a TulearSoatalily
Erreur de donne a Sambava3
Erreur de donne a AntalahaAmbinany
Erreur de donne a Andratamarina
Erreur de donne a Analavory
Erreur de donne a SalaryBay
Erreur de donne a MajungaAntsanitia
Erreur de donne a TamaSalazamayNord
Erreur de donne a Golf2
Erreur de donne a Isoraka2
Erreur de donne a AlakamisyItenina
Erreur de donne a Antohomadinika
Erreur de donne a FeneriveEst2
Erreur de donne a TamaAmbalamanasy
Erreur de donne a Sadjoavato
Erreur de donne a Manarintsoa
Erreur de donne a TanaAlhambra
Erreur de donne a Marotsipoy
Erreur de donne a Sandrakatsy
Erreur de donne a Marovoay
Erreur de donne a Amparafaravola
Erreur de donne a Ambalavao
Erreur de donne a Beronono
Erreur de donne a IvatoCentre
Erreur de donne a Ampefy
Erreur de donne a AntsirabeNord
Erreur de donne a Ambohimanjaka
Erreur de donne a TanaAntehiroka
Erreur de donne a SambavaAnalamandrorofo
Erreur de donne a AndranomenaPicom
Erreur de donne a Tsimbazaza
Erreur de donne a AmbanjaAntanambao
Erreur de donne a AntsirabeAmpataka
Erreur de donne a TamaBetainomby
Erreur de donne a Ambatoriha
Erreur de donne a NosyBeHellville
Erreur de donne a Andrapengy
Erreur de donne a Ambodiatafana
Erreur de donne a Anjiro
Erreur de donne a Ankadinondry
Erreur de donne a Ialatsara
Erreur de donne a Sakalalina
Erreur de donne a ItaosyCite
Erreur de donne a Tsiroanomandidy3
Erreur de donne a Anakao
Erreur de donne a Ambohipo2
Erreur de donne a Amboasary
Erreur de donne a Ankazondandy
Erreur de donne a Anjeva
Erreur de donne a TanaAnosipatrana
Erreur de donne a TanaIlafy
Erreur de donne a SoanieranaIvongo
Erreur de donne a FianaraKianjasoa
Erreur de donne a Ankilizato
Erreur de donne a Befotaka
Erreur de donne a Manjakandriana
Erreur de donne a Tsiombe
Erreur de donne a Miarinarivo
Erreur de donne a TulearMahavatse
Erreur de donne a Itaosy
Erreur de donne a Ambatolampy
Erreur de donne a Masihanaka
Erreur de donne a AntalahaAnkoalabe
Erreur de donne a PortBerger
Erreur de donne a Ambodivona
Erreur de donne a Mahazo
Erreur de donne a Berivotra5sur5
Erreur de donne a Soanierana
Erreur de donne a Analibemena
Erreur de donne a Mahaboboka
Erreur de donne a TanaAndohatanjona
Erreur de donne a Mahatalaky
Erreur de donne a FortDauphin1
Erreur de donne a AntsirabeTsihitamaso
Erreur de donne a SambavaSoavinandriana
Erreur de donne a Ambodiafontsy
Erreur de donne a Ambatosoratra
Erreur de donne a Ambodilazana
Erreur de donne a Ampanihy
Erreur de donne a MajungaAmpasika
Erreur de donne a Bevoay
Erreur de donne a Mananjary
Erreur de donne a Ampahana
Erreur de donne a Ambodiangezoka
Erreur de donne a RicoBetongolo
Erreur de donne a Ibis
Erreur de donne a Soalala
Erreur de donne a Antanimenabaka
Erreur de donne a AmboasaryGara
Erreur de donne a AntalahaAntsirabato
Erreur de donne a Bemonto
Erreur de donne a Ambodiboanara
Erreur de donne a Mosorolava
Erreur de donne a Masomeloka
Erreur de donne a Alakamisy
Erreur de donne a SoanieranaIvongo2
Erreur de donne a Ambondromamy
Erreur de donne a TamataveSherritt
Erreur de donne a Mahasolo
Erreur de donne a IvandryTELMA
Erreur de donne a AntsirabeAmbohimena
Erreur de donne a Ranomafana
Erreur de donne a Ambatofinandrahana
Erreur de donne a Andohalo
Erreur de donne a TamaTanandavaTailings
Erreur de donne a Vangaindrano
Erreur de donne a TamaTsararivotra
Erreur de donne a Antsotso
Erreur de donne a TanaAmbaniala
Erreur de donne a AntanambeBBNord
Erreur de donne a TulearCHO
Erreur de donne a AnkaranaSirama
Erreur de donne a Maevatanana
Erreur de donne a Soamahamanina
Erreur de donne a AmbanjaAnkify
Erreur de donne a Besalampy
Erreur de donne a MorondavaBemanonga
Erreur de donne a Ambohimandroso2
Erreur de donne a 67HaSud
Erreur de donne a DiegoTsaramandroso
Erreur de donne a Betafo
Erreur de donne a Angavokely
Erreur de donne a DiegoScamaConcasseur
Erreur de donne a Mangamila
Erreur de donne a Marojala
Erreur de donne a ManakaraAmbodimanga2
Erreur de donne a AnjomaRamartine
Erreur de donne a Ambonisoa
Erreur de donne a Carion
Erreur de donne a Ivato2
Erreur de donne a Ambatolampikely
Erreur de donne a Analatelo
Erreur de donne a FianaraAmbanimaso
Erreur de donne a Androka
Erreur de donne a FiadananaPicom
Erreur de donne a Antsiafabositra
Erreur de donne a Belambo
Erreur de donne a DiegoMangarivotra
Erreur de donne a Tsarasaotra
Erreur de donne a Vinaninony
Erreur de donne a Marofandilia
Erreur de donne a TanaAndranomahery
Erreur de donne a Faratsiho
Erreur de donne a TamaAmbohijafy
Erreur de donne a Andratany
Erreur de donne a TamaTanambao5
Erreur de donne a Betsiaka
Erreur de donne a MajungaTsaramandroso
Erreur de donne a Andrasanga
Erreur de donne a Andranonahoatra
Erreur de donne a Mahajamba
Erreur de donne a Bemanevika
Erreur de donne a MajungaAmboboka
Erreur de donne a 67HaCentre
Erreur de donne a Lavanono
Erreur de donne a Tsimiroro
Erreur de donne a Miandrivazo
Erreur de donne a Ankilimalinika
Erreur de donne a Vinanitelo
Erreur de donne a TamataveAgence
Erreur de donne a AnivoranoNord
Erreur de donne a Mitsinjo
Erreur de donne a Farafangana2
Erreur de donne a Farahalana
Erreur de donne a Panoramique
Erreur de donne a Bealanana
Erreur de donne a Soavina
Erreur de donne a MarotsipoyLC
Erreur de donne a Ambahy
Erreur de donne a AnivoranoEst
Erreur de donne a Vondrozo
Erreur de donne a Ambohitrandraina
Erreur de donne a Anosy
Erreur de donne a Mahambo
Erreur de donne a Ambinaninony
Erreur de donne a DiegoCentre
Erreur de donne a Manja
Erreur de donne a Andiolava
Erreur de donne a Afaho
Erreur de donne a FianaraAmpasambazaha
Erreur de donne a Ambahikily
Erreur de donne a Ejeda
Erreur de donne a NosyBeAndilana
Erreur de donne a Iavoloha
Erreur de donne a TamaSherritt2
Erreur de donne a AmbatoBoeni
Erreur de donne a Brickaville
Erreur de donne a Vohidrazana
Erreur de donne a TanaAmboatany
Erreur de donne a Sabnam
Erreur de donne a Miarinarivo2
Erreur de donne a Morarano
Erreur de donne a Vavatenina
Erreur de donne a Tongarivo
Erreur de donne a Tsiafahy
Erreur de donne a Ampasimbe
Erreur de donne a Ifanadiana
Erreur de donne a Didy
Erreur de donne a Vatohandrina
Erreur de donne a Maroambihy
Erreur de donne a TanaAndafiavaratra
Erreur de donne a Sahambavy
Erreur de donne a Ankililaoka
Erreur de donne a Tataho
Erreur de donne a Mandabe
Erreur de donne a Ankiranomena
Erreur de donne a TanaIavoloha
Erreur de donne a Ambohitrandriamanitra
Erreur de donne a BefasyPicom
Erreur de donne a Morafenobe2
Erreur de donne a Imerinimady
Erreur de donne a Analanambe
Erreur de donne a Mahabo
Erreur de donne a Mandoto
Erreur de donne a Manarilefona
Erreur de donne a Bekopaka
Erreur de donne a MarovoayTsararano
Erreur de donne a AntsalovaPicom
Erreur de donne a PortBergerBB
Erreur de donne a Isorana
Erreur de donne a RanomafanaSud
Erreur de donne a Ampasimanjeva
Erreur de donne a Vohipeno
Erreur de donne a FortDauphinAmparihy
Donne de Ifaty verifie
Erreur de donne a Firavahana
Erreur de donne a Katsepy
Erreur de donne a BefandrianaSud
Erreur de donne a AntanambaoManampotsy
Erreur de donne a AmbatoMadioTsifafana
Erreur de donne a Ambohitromby
Erreur de donne a Ambinanindrano
Erreur de donne a Antambohobe
Erreur de donne a Ankotrofotsy
Erreur de donne a Tsivory
Erreur de donne a BetataoLC
Erreur de donne a Ankadimbahoaka
Erreur de donne a NosyBeMontpassot
Erreur de donne a Marolambo
Erreur de donne a Andavadoaka
Erreur de donne a Anadroadro
Erreur de donne a Manambondro
Erreur de donne a Ankarana
Erreur de donne a Mantasoa
Erreur de donne a SambavaCentre
Erreur de donne a Tulear1
Erreur de donne a ManompanaBBNord
Erreur de donne a Tsifota
Erreur de donne a Tsangambato
Erreur de donne a FauxCap
Erreur de donne a Isotry
Erreur de donne a Andoany
Erreur de donne a Ankadivoribe
Erreur de donne a Foulpointe
Erreur de donne a Ampisikina
Erreur de donne a DiegoRouteRamena
Erreur de donne a Andramasina
Erreur de donne a Bekapaika
Erreur de donne a Vinanivao
Erreur de donne a Tsingorotelo
Erreur de donne a AlakamisyAmbohima
Erreur de donne a Namakia
Erreur de donne a Fierenana
Erreur de donne a Fenoarivobe
Erreur de donne a Antsahanoro
Erreur de donne a Ambatolahy
Erreur de donne a StAugustin
Erreur de donne a Miarinavaratra
Erreur de donne a Ambohitralanana
Erreur de donne a SambainaAmbohibary
Erreur de donne a Manandona
Erreur de donne a NosyBeLokobe
Erreur de donne a Ambohimiadana
Erreur de donne a Zombitse
Erreur de donne a Joffreville
Erreur de donne a Miarena
Erreur de donne a IlakaEst
Erreur de donne a Tanambe
Erreur de donne a Ambodimanary
Erreur de donne a Amboahangibe
Erreur de donne a Betroka
Erreur de donne a Soahany
Erreur de donne a AnkazomangaSud
Erreur de donne a Mahela
Erreur de donne a AnjozorobeAndombotra
Erreur de donne a Soavinandriana
Erreur de donne a Ankilifito
Erreur de donne a MarotolanaAmbanja
Erreur de donne a Ambondro
Erreur de donne a Befandriana
Erreur de donne a Ambinanifaho
Erreur de donne a Vatoavo
Erreur de donne a Ankororoky
Erreur de donne a Anotsibe
Erreur de donne a Tsaravao
Erreur de donne a Marivolanitra
Erreur de donne a Amboroka
Erreur de donne a Marotaolana
Erreur de donne a Sahafohy
Erreur de donne a MiarinarivoPicom
Erreur de donne a CampRobin
Erreur de donne a Matanga
Erreur de donne a Beravina
Erreur de donne a Ilakaka
Erreur de donne a Marogaona
Erreur de donne a Ibity
Erreur de donne a Ranopiso
Erreur de donne a Ambalatenina
Erreur de donne a Mahalavolona
Erreur de donne a Sadabe
Erreur de donne a Maroteza
Erreur de donne a MarovoaySud
Erreur de donne a Antongo
Erreur de donne a Brickaville2
Erreur de donne a Antsahavaribe
Erreur de donne a Sandrandahy
Erreur de donne a Mahafasa
Erreur de donne a Tsasampa
Erreur de donne a Betioky
Erreur de donne a Ambalamanakana
Erreur de donne a Manaritoka
Erreur de donne a Ankisatra
Erreur de donne a Beroboka
Erreur de donne a Zazafotsy
Erreur de donne a Analalava
Erreur de donne a Djangoa
Erreur de donne a Manalalondo
Erreur de donne a Anjozorobe
Erreur de donne a Bepaha
Erreur de donne a Analamisampy
Erreur de donne a Soaserana
Erreur de donne a Lohavohitra
Erreur de donne a Andaingo
Erreur de donne a Ampahimanga
Erreur de donne a VohilavaPicom
Erreur de donne a Andranovory
Erreur de donne a Maroharatra
Erreur de donne a Ambalabe
Erreur de donne a Antsenavolo
Erreur de donne a SainteMarieBB
Erreur de donne a Antsorolava
Erreur de donne a BerobokaPicom
Erreur de donne a Tambohorano
Erreur de donne a Masiadambo
Erreur de donne a Befasy
Erreur de donne a Ambalanirana
Erreur de donne a AmpasimbeManasatrana
Erreur de donne a Manantenina
Erreur de donne a ColDeTapia
Erreur de donne a Andranotsara
Erreur de donne a Soalazaina
Erreur de donne a CapBeloneBBNord
Erreur de donne a Maroambay
Erreur de donne a BefotakaRelais
Erreur de donne a Tranomaro
Erreur de donne a Antsampandrano
Erreur de donne a Manambaro
Erreur de donne a TanaAmbohitsoa
Erreur de donne a VohemarFloribis
Erreur de donne a TanaVontovorona
Erreur de donne a TanaAmbodiafontsy
Erreur de donne a Tsarabanjina
Erreur de donne a AmpefyAmbodiamontana
Erreur de donne a AmbatoLC
Erreur de donne a AnjepyLC
Erreur de donne a AndapaAntsirandava
Erreur de donne a Doany
Erreur de donne a AndapaMaherivaratra
Erreur de donne a Andrahanjo
Erreur de donne a Nosiarina
Erreur de donne a SambavaAntsirabe
Erreur de donne a SambavaBetsopaka
Erreur de donne a Andrafainkona
Erreur de donne a AntsirabeNord2
Erreur de donne a Tsarabaria
Erreur de donne a TanaAmpandrana
Erreur de donne a MaroantsetraVoloina
Erreur de donne a FianaraAmpopoka
Erreur de donne a Analovana
Erreur de donne a Ifanja
Erreur de donne a TanaTsarahonenana
Erreur de donne a TanaBetongolo
Erreur de donne a TanaFenomanana
Erreur de donne a FianaraAnjoma
Erreur de donne a TanaAmbolokandrina
Erreur de donne a TanaSiloAmbohibao
Erreur de donne a Ambatondradama
Erreur de donne a FianaraBesorohitra
Erreur de donne a Mananara2
Erreur de donne a TamaAndroranga
Erreur de donne a FianaraMahamanina
Erreur de donne a VinanyAmpitatafika
Erreur de donne a Maintirano
Erreur de donne a TamaPort
Erreur de donne a Andasibe2
Erreur de donne a Anivoranokely
Erreur de donne a TanaAndraharo
Erreur de donne a TanaAnkadifotsy
Erreur de donne a Belanitra
Erreur de donne a Maevatanana2
Erreur de donne a TanaMandriambero
Erreur de donne a TanaBevalala
Erreur de donne a TanaIvatoMamory
Erreur de donne a TanaAnosyAvaratra2
Erreur de donne a TanaAndraisoro2
Erreur de donne a TanaFasankarana
Erreur de donne a TanaNamontana
Erreur de donne a TanaAmbohimamory
Erreur de donne a TanaAndoharanofotsy2
Erreur de donne a TanaAnkerana
Erreur de donne a TanaAmbatonjara
Erreur de donne a Ambositra2
Erreur de donne a MajungaMahatsinjo
Erreur de donne a TamaAnjoma2
Erreur de donne a TamaSalazamay
Erreur de donne a Mifoko
Erreur de donne a MorondavaTsimahavaokely
Erreur de donne a Antsahavaribe2
Erreur de donne a Bobakindro
Erreur de donne a Mahalevona
Erreur de donne a DiegoManongalaza
Erreur de donne a TanaAnkadikelyIlafy
Erreur de donne a Ambinanitelo
Erreur de donne a TanaAmbatoroka
Erreur de donne a BezavonaAntakotako
Erreur de donne a Tanjona
Erreur de donne a VohipenoBBNord
Erreur de donne a AmpisokinaAndodabe
Erreur de donne a Ambodibilahy
Erreur de donne a Tsiroanomandidy2
Erreur de donne a ManakambahinyBB
Erreur de donne a Fizoana
Erreur de donne a TanaAmbodifasina
Erreur de donne a AntsirabeAntanimenakely
Erreur de donne a AmbanjaTanambao5
Erreur de donne a MajungaAmbondrona2
Erreur de donne a NosyBeAndavakotakona
Erreur de donne a TanaAlarobia
Erreur de donne a Soavimbazaha
Erreur de donne a TanaAnkatso2
Erreur de donne a SambavaTsararivotra
Erreur de donne a TamaManangareza2
Erreur de donne a TanaFenoarivo
Erreur de donne a TanaImerimanjaka
Erreur de donne a Marofinaritra
Erreur de donne a TanaIlafyAntsampandrano
Erreur de donne a Manirenja
Erreur de donne a MaroantsetraAnkiakalava
Erreur de donne a Ambatoafo
Erreur de donne a Anjialava
Erreur de donne a Ambanjahilatra
Erreur de donne a TanaAmbatomitsangana2
Erreur de donne a Ambalahoraka
Erreur de donne a TamaAndranomadio
Erreur de donne a DiegoSoafeno
Erreur de donne a Ampanefena2
Erreur de donne a MajungaTsararano2
Erreur de donne a MorondavaCentre
Erreur de donne a AntalahaAmbondrona
Erreur de donne a Vohemar4
Erreur de donne a Ankazomborona
Erreur de donne a Iorimbato
Erreur de donne a TanaAndohatapenaka
Erreur de donne a Masindray
Erreur de donne a AntokomaroMahitsy
Erreur de donne a SabotsyAmbohitromby
Erreur de donne a AndidyAlarobia
Erreur de donne a Ambanitsena
Erreur de donne a Amboniriana
Erreur de donne a Manandriana
Erreur de donne a AmbohidahyAmbalavao
Erreur de donne a AnjomaBetoho
Erreur de donne a TanaAmbohijanaka
Erreur de donne a TanaAnkadivoribe
Erreur de donne a Ankadinandriana
Erreur de donne a AntanamadioTsiazompaniry
Erreur de donne a Antsahakely
Erreur de donne a MajungaMahavoky
Erreur de donne a Boanamary
Erreur de donne a TanaAmbodivonaIndoor
Erreur de donne a AntsirabeTomboarivo
Erreur de donne a MoramangaAntanamandroso
Erreur de donne a MoramangaMangoro
Erreur de donne a TamaMangarano2
Erreur de donne a MajungaAntsanitia2
Erreur de donne a AmbanjaAmbalahonko
Erreur de donne a TanaManakambahiny
Erreur de donne a AmbilobeAntanimariazy
Erreur de donne a NosyBeAmbanoro
Erreur de donne a Maromiandra
Erreur de donne a TulearAmpasikibo
Erreur de donne a DiegoLazaretCUR
Erreur de donne a AmbanjaAnkatahely
Erreur de donne a Ampondralava
Erreur de donne a TanaAmbolokandrina2
Erreur de donne a Melville
Erreur de donne a DiegoBaiedeSakalava
Erreur de donne a DiegoStAugustin
Erreur de donne a Manambato
Erreur de donne a AntalahaMaherifody
Erreur de donne a BrickavilleRazanaka
Erreur de donne a BefotakaNord
Erreur de donne a Ampandriakilandy
Erreur de donne a AntsohihyAmbodimadiro
Erreur de donne a Tsiamalao
Erreur de donne a Leanja
Erreur de donne a Manaratsandry
Erreur de donne a AntsohihyAmbodimandresy
Erreur de donne a AntsohihyAntsahabe
Erreur de donne a Antsahalalina
Erreur de donne a BefandrianaMarohazo
Erreur de donne a Andilandrano
Erreur de donne a BefandrianaTsarahonenana
Erreur de donne a MandritsaraAmbodisaina
Erreur de donne a MandritsaraKalandy
Erreur de donne a BefandrianaBeromba
Erreur de donne a AntsohihyAnkerika
Erreur de donne a AntsohihyAnjalazala
Erreur de donne a TanaAnosizato2
Erreur de donne a TanaAmbohimitsimbina
Erreur de donne a TanaAmbohidroa
Erreur de donne a AntsohihyAmbalafaminty
Erreur de donne a AmbatoAmbohimanarivo
Erreur de donne a FeneriveEstAmpasimpotsy
Erreur de donne a TamaHopitalibe
Erreur de donne a TamaTanambao
Erreur de donne a FeneriveEstAmbatoharana
Erreur de donne a TamaAnalamalotra
Erreur de donne a FianaraTalatamaty
Erreur de donne a FianaraBeravina
Erreur de donne a AmbatoManakambahiny
Erreur de donne a TamaAntetezambaro
Erreur de donne a TamaTsarakofafa
Erreur de donne a Ilakaka2
Erreur de donne a BefandrianaAnkorangana
Erreur de donne a MananaraAndraokaraoka
Erreur de donne a TamaMahatsara
Erreur de donne a MandritsaraAntsoha
Erreur de donne a FianaraAmpitakely
Erreur de donne a MananaraAmbodiampana
Erreur de donne a MananaraAmbodivoanio
Erreur de donne a MananaraManambolosy
Erreur de donne a TanaAmbohidratrimo
Erreur de donne a FianaraIsada
Erreur de donne a AmbositraTanamahalana
Erreur de donne a MananaraAndasibe
Erreur de donne a MananaraAmbodivoandraozana
Erreur de donne a MaroantsetraAnkofa
Erreur de donne a TanaAmbohimahitsy
Erreur de donne a TanaAmbohimangakely2
Erreur de donne a AnalalavaAndrevorevo
Erreur de donne a MandritsaraAntsatramidola
Erreur de donne a DiegoLazaret2
Erreur de donne a TanaSoavimbahoaka
Erreur de donne a MananaraAntananivo
Erreur de donne a MananaraAmbatoharanana
Erreur de donne a Foulpointe2
Erreur de donne a TanaAmbohitrombihavana
Erreur de donne a BorizinyMarosely
Erreur de donne a FianaraSahalava
Erreur de donne a AmbilobeAntsaravibe
Erreur de donne a AndapaBealampona
Erreur de donne a AmbositraVatovory
Erreur de donne a IhosyTsaramandroso
Erreur de donne a MajungaAmborovy2
Erreur de donne a BorizinyTsiningia
Erreur de donne a FeneriveEstAmparatanana
Erreur de donne a MananaraAmbodivoanio2
Erreur de donne a SainteMarieAgniribe
Erreur de donne a TanaVontovorona2
Erreur de donne a TanaFenoarivo2
Erreur de donne a MaroantsetraAnjahana
Erreur de donne a VavateninaMaromitety
Erreur de donne a TanaMendrikolovana
Erreur de donne a TanaAnosiala
Erreur de donne a AmbilobeBetsiaka2
Erreur de donne a TulearMahavatse3
Erreur de donne a NosyBeBemanondro
Erreur de donne a MoramangaTsarafasina
Erreur de donne a Ejeda2
Erreur de donne a TulearMahavatse2
Erreur de donne a TulearAndakoro
Erreur de donne a MorondavaTsimahavaokely2
Erreur de donne a TanaIlafyAntanandrano
Erreur de donne a AndapaAmbalamanasy2
Erreur de donne a Mahajamba3
Erreur de donne a BesalampyAnkokoabo2
Erreur de donne a AnalalavaAntonibe
Erreur de donne a Andilamena2
Erreur de donne a MorondavaAntsakoameloka
Erreur de donne a AntsirabeAsabotsy
Erreur de donne a TamaSherrittCM
Erreur de donne a FortDauphinTanambao
Erreur de donne a AmbohimangakelyTest
Erreur de donne a Mantasoa3
Erreur de donne a MampikonyAmbohitoaka
Erreur de donne a MampikonyAntsatramanera
Erreur de donne a PortBerger2
Erreur de donne a AmbatondrazakaAmbalabako
Erreur de donne a AmparafaravolaAmbatomainty
Erreur de donne a Mahatsinjo
Erreur de donne a AmbatondrazakaAnjiro
Erreur de donne a Ambatolampy2
Erreur de donne a AntsirananaAmbondrona
Erreur de donne a SambavaAmbatamandry
Erreur de donne a SambavaAnalamaho
Erreur de donne a SambavaAnjangoveratra
Erreur de donne a SambavaMorafeno
Erreur de donne a IharanaFanambana
Erreur de donne a AmbatoboenyTsaramandroso
Erreur de donne a MajungaMangatoka
Erreur de donne a MampikonyMalakialina
Erreur de donne a PortBerger3
Erreur de donne a AmparafaravolaAntanimafy
Erreur de donne a MoramangaMandialaza
Erreur de donne a AmpasinaManingory
Erreur de donne a FeneriveEstMarofinaritra
Erreur de donne a VohipenoNord2
Erreur de donne a TamaAmbodiriana
Erreur de donne a Ankililaoka2
Erreur de donne a AmbohidratrimoIarinarivo
Erreur de donne a Andrafiabe
Erreur de donne a AntalahaAntombana
Erreur de donne a AndapaAndrakata
Erreur de donne a IharanaAntanamandriry
Erreur de donne a AlakamisyAmbohimahazo
Erreur de donne a AmbatondrazakaBejofo
Verification globale le 2023-01-11 00:00:00 enclenche
Total daily_usage du 2023-01-11 00:00:00 extracte avec succes
Total global_daily_usage du 2023-01-11 00:00:00 extracte avec succes
Verification totale par date vraie
